<?xml version="1.0" encoding="UTF-8"?>
<testsuite xmlns:xsi="http://www.w3.org/2001/XMLSchema-instance" xsi:noNamespaceSchemaLocation="https://maven.apache.org/surefire/maven-surefire-plugin/xsd/surefire-test-report-3.0.xsd" version="3.0" name="com.livraria.livromais.LivromaisApplicationTests" time="45.717" tests="1" errors="0" skipped="0" failures="0">
  <properties>
[...]
</properties>
  <testcase name="contextLoads" classname="com.livraria.livromais.LivromaisApplicationTests" time="3.303">
    <system-out><![CDATA[00:01:37.458 [main] INFO org.springframework.test.context.support.AnnotationConfigContextLoaderUtils -- Could not detect default configuration classes for test class [com.livraria.livromais.LivromaisApplicationTests]: LivromaisApplicationTests does not declare any static, non-private, non-final, nested classes annotated with @Configuration.
00:01:38.277 [main] INFO org.springframework.boot.test.context.SpringBootTestContextBootstrapper -- Found @SpringBootConfiguration com.livraria.livromais.LivromaisApplication for test class com.livraria.livromais.LivromaisApplicationTests

  .   ____          _            __ _ _
 /\\ / ___'_ __ _ _(_)_ __  __ _ \ \ \ \
( ( )\___ | '_ | '_| | '_ \/ _` | \ \ \ \
 \\/  ___)| |_)| | | | | || (_| |  ) ) ) )
  '  |____| .__|_| |_|_| |_\__, | / / / /
 =========|_|==============|___/=/_/_/_/
 :: Spring Boot ::                (v3.1.4)

2024-11-24T00:01:42.204-03:00  INFO 3272 --- [           main] c.l.livromais.LivromaisApplicationTests  : Starting LivromaisApplicationTests using Java 21.0.4 with PID 3272 (started by Valéria Ferreira in C:\Users\Valéria Ferreira\Desktop\livromais)
2024-11-24T00:01:42.208-03:00  INFO 3272 --- [           main] c.l.livromais.LivromaisApplicationTests  : No active profile set, falling back to 1 default profile: "default"
2024-11-24T00:01:49.015-03:00  INFO 3272 --- [           main] .s.d.r.c.RepositoryConfigurationDelegate : Multiple Spring Data modules found, entering strict repository configuration mode
2024-11-24T00:01:49.022-03:00  INFO 3272 --- [           main] .s.d.r.c.RepositoryConfigurationDelegate : Bootstrapping Spring Data JDBC repositories in DEFAULT mode.
2024-11-24T00:01:49.172-03:00  INFO 3272 --- [           main] .RepositoryConfigurationExtensionSupport : Spring Data JDBC - Could not safely identify store assignment for repository candidate interface com.livraria.livromais.repository.LivroRepository; If you want this repository to be a JDBC repository, consider annotating your entities with one of these annotations: org.springframework.data.relational.core.mapping.Table.
2024-11-24T00:01:49.174-03:00  INFO 3272 --- [           main] .s.d.r.c.RepositoryConfigurationDelegate : Finished Spring Data repository scanning in 135 ms. Found 0 JDBC repository interfaces.
2024-11-24T00:01:49.218-03:00  INFO 3272 --- [           main] .s.d.r.c.RepositoryConfigurationDelegate : Multiple Spring Data modules found, entering strict repository configuration mode
2024-11-24T00:01:49.226-03:00  INFO 3272 --- [           main] .s.d.r.c.RepositoryConfigurationDelegate : Bootstrapping Spring Data JPA repositories in DEFAULT mode.
2024-11-24T00:01:49.592-03:00  INFO 3272 --- [           main] .s.d.r.c.RepositoryConfigurationDelegate : Finished Spring Data repository scanning in 194 ms. Found 1 JPA repository interfaces.
2024-11-24T00:01:51.909-03:00  INFO 3272 --- [           main] com.zaxxer.hikari.HikariDataSource       : HikariPool-1 - Starting...
2024-11-24T00:01:59.221-03:00  INFO 3272 --- [           main] com.zaxxer.hikari.pool.HikariPool        : HikariPool-1 - Added connection org.postgresql.jdbc.PgConnection@a0bf272
2024-11-24T00:01:59.230-03:00  INFO 3272 --- [           main] com.zaxxer.hikari.HikariDataSource       : HikariPool-1 - Start completed.
2024-11-24T00:02:00.457-03:00  INFO 3272 --- [           main] o.hibernate.jpa.internal.util.LogHelper  : HHH000204: Processing PersistenceUnitInfo [name: default]
2024-11-24T00:02:00.795-03:00  INFO 3272 --- [           main] org.hibernate.Version                    : HHH000412: Hibernate ORM core version 6.2.9.Final
2024-11-24T00:02:00.803-03:00  INFO 3272 --- [           main] org.hibernate.cfg.Environment            : HHH000406: Using bytecode reflection optimizer
2024-11-24T00:02:01.730-03:00  INFO 3272 --- [           main] o.h.b.i.BytecodeProviderInitiator        : HHH000021: Bytecode provider name : bytebuddy
2024-11-24T00:02:03.149-03:00  INFO 3272 --- [           main] o.s.o.j.p.SpringPersistenceUnitInfo      : No LoadTimeWeaver setup: ignoring JPA class transformer
2024-11-24T00:02:05.265-03:00  INFO 3272 --- [           main] o.h.b.i.BytecodeProviderInitiator        : HHH000021: Bytecode provider name : bytebuddy
2024-11-24T00:02:08.790-03:00  INFO 3272 --- [           main] o.h.e.t.j.p.i.JtaPlatformInitiator       : HHH000490: Using JtaPlatform implementation: [org.hibernate.engine.transaction.jta.platform.internal.NoJtaPlatform]
2024-11-24T00:02:10.146-03:00  INFO 3272 --- [           main] j.LocalContainerEntityManagerFactoryBean : Initialized JPA EntityManagerFactory for persistence unit 'default'
2024-11-24T00:02:13.345-03:00  WARN 3272 --- [           main] JpaBaseConfiguration$JpaWebConfiguration : spring.jpa.open-in-view is enabled by default. Therefore, database queries may be performed during view rendering. Explicitly configure spring.jpa.open-in-view to disable this warning
2024-11-24T00:02:18.557-03:00  INFO 3272 --- [           main] c.l.livromais.LivromaisApplicationTests  : Started LivromaisApplicationTests in 39.39 seconds (process running for 45.908)
]]></system-out>
    <system-err><![CDATA[WARNING: A Java agent has been loaded dynamically (C:\Users\Valéria Ferreira\.m2\repository\net\bytebuddy\byte-buddy-agent\1.14.8\byte-buddy-agent-1.14.8.jar)
WARNING: If a serviceability tool is in use, please run with -XX:+EnableDynamicAgentLoading to hide this warning
WARNING: If a serviceability tool is not in use, please run with -Djdk.instrument.traceUsage for more information
WARNING: Dynamic loading of agents will be disallowed by default in a future release
]]></system-err>
  </testcase>
</testsuite>